AutoStartCameraApp/proguard/seeds.txt
com.google.api.services.compute.Compute$TargetInstances$List: java.lang.String project
com.google.api.services.compute.Compute$TargetInstances$List: java.lang.String zone
com.google.api.services.compute.Compute$TargetInstances$List: java.lang.String filter
com.google.api.services.compute.Compute$TargetInstances$List: java.lang.String pageToken
com.google.api.services.compute.Compute$TargetInstances$List: java.lang.Long maxResults
com.google.api.services.compute.Compute$TargetPools$AddHealthCheck: java.lang.String project
com.google.api.services.compute.Compute$TargetPools$AddHealthCheck: java.lang.String region
com.google.api.services.compute.Compute$TargetPools$AddHealthCheck: java.lang.String targetPool
com.google.api.services.compute.Compute$TargetPools$AddInstance: java.lang.String project
com.google.api.services.compute.Compute$TargetPools$AddInstance: java.lang.String region
com.google.api.services.compute.Compute$TargetPools$AddInstance: java.lang.String targetPool
com.google.api.services.compute.Compute$TargetPools$AggregatedList: java.lang.String project
com.google.api.services.compute.Compute$TargetPools$AggregatedList: java.lang.String filter
com.google.api.services.compute.Compute$TargetPools$AggregatedList: java.lang.String pageToken
com.google.api.services.compute.Compute$TargetPools$AggregatedList: java.lang.Long maxResults
com.google.api.services.compute.Compute$TargetPools$Delete: java.lang.String project
com.google.api.services.compute.Compute$TargetPools$Delete: java.lang.String region
com.google.api.services.compute.Compute$TargetPools$Delete: java.lang.String targetPool
com.google.api.services.compute.Compute$TargetPools$Get: java.lang.String project
com.google.api.services.compute.Compute$TargetPools$Get: java.lang.String region
com.google.api.services.compute.Compute$TargetPools$Get: java.lang.String targetPool
com.google.api.services.compute.Compute$TargetPools$GetHealth: java.lang.String project
com.google.api.services.compute.Compute$TargetPools$GetHealth: java.lang.String region
com.google.api.services.compute.Compute$TargetPools$GetHealth: java.lang.String targetPool
com.google.api.services.compute.Compute$TargetPools$Insert: java.lang.String project
com.google.api.services.compute.Compute$TargetPools$Insert: java.lang.String region
com.google.api.services.compute.Compute$TargetPools$List: java.lang.String project
com.google.api.services.compute.Compute$TargetPools$List: java.lang.String region
com.google.api.services.compute.Compute$TargetPools$List: java.lang.String filter
com.google.api.services.compute.Compute$TargetPools$List: java.lang.String pageToken
com.google.api.services.compute.Compute$TargetPools$List: java.lang.Long maxResults
com.google.api.services.compute.Compute$TargetPools$RemoveHealthCheck: java.lang.String project
com.google.api.services.compute.Compute$TargetPools$RemoveHealthCheck: java.lang.String region
com.google.api.services.compute.Compute$TargetPools$RemoveHealthCheck: java.lang.String targetPool
com.google.api.services.compute.Compute$TargetPools$RemoveInstance: java.lang.String project
com.google.api.services.compute.Compute$TargetPools$RemoveInstance: java.lang.String region
com.google.api.services.compute.Compute$TargetPools$RemoveInstance: java.lang.String targetPool
com.google.api.services.compute.Compute$TargetPools$SetBackup: java.lang.String project
com.google.api.services.compute.Compute$TargetPools$SetBackup: java.lang.String region
com.google.api.services.compute.Compute$TargetPools$SetBackup: java.lang.String targetPool
com.google.api.services.compute.Compute$TargetPools$SetBackup: java.lang.Float failoverRatio
com.google.api.services.compute.Compute$UrlMaps$Delete: java.lang.String project
com.google.api.services.compute.Compute$UrlMaps$Delete: java.lang.String urlMap