AutoStartCameraApp/proguard/mapping.txt
com.google.api.client.json.JsonString -> com.b.a.a.d.l:
com.google.api.client.json.JsonToken -> com.b.a.a.d.m:
    com.google.api.client.json.JsonToken START_ARRAY -> a
    com.google.api.client.json.JsonToken END_ARRAY -> b
    com.google.api.client.json.JsonToken START_OBJECT -> c
    com.google.api.client.json.JsonToken END_OBJECT -> d
    com.google.api.client.json.JsonToken FIELD_NAME -> e
    com.google.api.client.json.JsonToken VALUE_STRING -> f
    com.google.api.client.json.JsonToken VALUE_NUMBER_INT -> g
    com.google.api.client.json.JsonToken VALUE_NUMBER_FLOAT -> h
    com.google.api.client.json.JsonToken VALUE_TRUE -> i
    com.google.api.client.json.JsonToken VALUE_FALSE -> j
    com.google.api.client.json.JsonToken VALUE_NULL -> k
    com.google.api.client.json.JsonToken NOT_AVAILABLE -> l
    com.google.api.client.json.JsonToken[] $VALUES -> m
    com.google.api.client.json.JsonToken[] values() -> values
    com.google.api.client.json.JsonToken valueOf(java.lang.String) -> valueOf
com.google.api.client.json.jackson2.JacksonFactory -> com.b.a.a.d.a.a:
    com.fasterxml.jackson.core.JsonFactory factory -> a
    com.google.api.client.json.JsonGenerator createJsonGenerator(java.io.OutputStream,java.nio.charset.Charset) -> a
    com.google.api.client.json.JsonParser createJsonParser(java.io.InputStream) -> a
    com.google.api.client.json.JsonParser createJsonParser(java.io.InputStream,java.nio.charset.Charset) -> a
    com.google.api.client.json.JsonParser createJsonParser(java.lang.String) -> a
    com.google.api.client.json.JsonToken convert(com.fasterxml.jackson.core.JsonToken) -> a
com.google.api.client.json.jackson2.JacksonFactory$1 -> com.b.a.a.d.a.b:
    int[] $SwitchMap$com$fasterxml$jackson$core$JsonToken -> a
com.google.api.client.json.jackson2.JacksonGenerator -> com.b.a.a.d.a.c:
    com.fasterxml.jackson.core.JsonGenerator generator -> a
    com.google.api.client.json.jackson2.JacksonFactory factory -> b
    void flush() -> a
    void writeBoolean(boolean) -> a
    void writeEndArray() -> c
    void writeEndObject() -> e
    void writeFieldName(java.lang.String) -> a
    void writeNull() -> f
    void writeNumber(int) -> a
    void writeNumber(long) -> a
    void writeNumber(java.math.BigInteger) -> a
    void writeNumber(double) -> a
    void writeNumber(float) -> a
    void writeNumber(java.math.BigDecimal) -> a
    void writeStartArray() -> b
    void writeStartObject() -> d
    void writeString(java.lang.String) -> b
    void enablePrettyPrint() -> g
com.google.api.client.json.jackson2.JacksonParser -> com.b.a.a.d.a.d:
    com.fasterxml.jackson.core.JsonParser parser -> a
    com.google.api.client.json.jackson2.JacksonFactory factory -> b
    com.google.api.client.json.jackson2.JacksonFactory getFactory() -> p
    void close() -> b
    com.google.api.client.json.JsonToken nextToken() -> c
    java.lang.String getCurrentName() -> e
    com.google.api.client.json.JsonToken getCurrentToken() -> d
    com.google.api.client.json.JsonParser skipChildren() -> f
    java.lang.String getText() -> g
    byte getByteValue() -> h
    float getFloatValue() -> k
    int getIntValue() -> j
    short getShortValue() -> i
    java.math.BigInteger getBigIntegerValue() -> n
    java.math.BigDecimal getDecimalValue() -> o
    double getDoubleValue() -> m
    long getLongValue() -> l
    com.google.api.client.json.JsonFactory getFactory() -> a
com.google.api.client.json.webtoken.JsonWebSignature -> com.b.a.a.d.b.a:
    java.lang.String signUsingRsaSha256(java.security.PrivateKey,com.google.api.client.json.JsonFactory,com.google.api.client.json.webtoken.JsonWebSignature$Header,com.google.api.client.json.webtoken.JsonWebToken$Payload) -> a